<?xml version="1.0" encoding="UTF-8"?>
<testng-results ignored="0" total="2" passed="1" failed="1" skipped="0">
  <reporter-output>
  </reporter-output>
  <suite started-at="2023-07-07T19:12:47 IST" name="Default suite" finished-at="2023-07-07T19:12:47 IST" duration-ms="378">
    <groups>
    </groups>
    <test started-at="2023-07-07T19:12:47 IST" name="Default test" finished-at="2023-07-07T19:12:47 IST" duration-ms="378">
      <class name="testCase.ReportListnerTest">
        <test-method is-config="true" signature="startReport()[pri:0, instance:testCase.ReportListnerTest@3f6f6701]" started-at="2023-07-07T19:12:47 IST" name="startReport" finished-at="2023-07-07T19:12:47 IST" duration-ms="150" status="PASS">
          <reporter-output>
          </reporter-output>
        </test-method> <!-- startReport -->
        <test-method signature="failAssert()[pri:0, instance:testCase.ReportListnerTest@3f6f6701]" started-at="2023-07-07T19:12:47 IST" name="failAssert" finished-at="2023-07-07T19:12:47 IST" duration-ms="10" status="FAIL">
          <exception class="java.lang.AssertionError">
            <message>
              <![CDATA[expected [Vickey] but found [Parag]]]>
            </message>
            <full-stacktrace>
              <![CDATA[java.lang.AssertionError: expected [Vickey] but found [Parag]
at org.testng.Assert.fail(Assert.java:99)
at org.testng.Assert.failNotEquals(Assert.java:1037)
at org.testng.Assert.assertEqualsImpl(Assert.java:140)
at org.testng.Assert.assertEquals(Assert.java:122)
at org.testng.Assert.assertEquals(Assert.java:629)
at org.testng.Assert.assertEquals(Assert.java:639)
at testCase.ReportListnerTest.failAssert(ReportListnerTest.java:40)
at java.base/jdk.internal.reflect.NativeMethodAccessorImpl.invoke0(Native Method)
at java.base/jdk.internal.reflect.NativeMethodAccessorImpl.invoke(NativeMethodAccessorImpl.java:77)
at java.base/jdk.internal.reflect.DelegatingMethodAccessorImpl.invoke(DelegatingMethodAccessorImpl.java:43)
at java.base/java.lang.reflect.Method.invoke(Method.java:568)
at org.testng.internal.MethodInvocationHelper.invokeMethod(MethodInvocationHelper.java:133)
at org.testng.internal.TestInvoker.invokeMethod(TestInvoker.java:598)
at org.testng.internal.TestInvoker.invokeTestMethod(TestInvoker.java:173)
at org.testng.internal.MethodRunner.runInSequence(MethodRunner.java:46)
at org.testng.internal.TestInvoker$MethodInvocationAgent.invoke(TestInvoker.java:824)
at org.testng.internal.TestInvoker.invokeTestMethods(TestInvoker.java:146)
at org.testng.internal.TestMethodWorker.invokeTestMethods(TestMethodWorker.java:146)
at org.testng.internal.TestMethodWorker.run(TestMethodWorker.java:128)
at java.base/java.util.ArrayList.forEach(ArrayList.java:1511)
at org.testng.TestRunner.privateRun(TestRunner.java:794)
at org.testng.TestRunner.run(TestRunner.java:596)
at org.testng.SuiteRunner.runTest(SuiteRunner.java:377)
at org.testng.SuiteRunner.runSequentially(SuiteRunner.java:371)
at org.testng.SuiteRunner.privateRun(SuiteRunner.java:332)
at org.testng.SuiteRunner.run(SuiteRunner.java:276)
at org.testng.SuiteRunnerWorker.runSuite(SuiteRunnerWorker.java:53)
at org.testng.SuiteRunnerWorker.run(SuiteRunnerWorker.java:96)
at org.testng.TestNG.runSuitesSequentially(TestNG.java:1212)
at org.testng.TestNG.runSuitesLocally(TestNG.java:1134)
at org.testng.TestNG.runSuites(TestNG.java:1063)
at org.testng.TestNG.run(TestNG.java:1031)
at org.testng.remote.AbstractRemoteTestNG.run(AbstractRemoteTestNG.java:115)
at org.testng.remote.RemoteTestNG.initAndRun(RemoteTestNG.java:251)
at org.testng.remote.RemoteTestNG.main(RemoteTestNG.java:77)
]]>
            </full-stacktrace>
          </exception> <!-- java.lang.AssertionError -->
          <reporter-output>
          </reporter-output>
        </test-method> <!-- failAssert -->
        <test-method is-config="true" signature="getResult(org.testng.ITestResult)[pri:0, instance:testCase.ReportListnerTest@3f6f6701]" started-at="2023-07-07T19:12:47 IST" name="getResult" finished-at="2023-07-07T19:12:47 IST" duration-ms="7" status="PASS">
          <params>
            <param index="0">
              <value>
                <![CDATA[[TestResult name=failAssert status=FAILURE method=ReportListnerTest.failAssert()[pri:0, instance:testCase.ReportListnerTest@3f6f6701] output={null}]]]>
              </value>
            </param>
          </params>
          <reporter-output>
          </reporter-output>
        </test-method> <!-- getResult -->
        <test-method signature="passAssert()[pri:0, instance:testCase.ReportListnerTest@3f6f6701]" started-at="2023-07-07T19:12:47 IST" name="passAssert" finished-at="2023-07-07T19:12:47 IST" duration-ms="1" status="PASS">
          <reporter-output>
          </reporter-output>
        </test-method> <!-- passAssert -->
        <test-method is-config="true" signature="getResult(org.testng.ITestResult)[pri:0, instance:testCase.ReportListnerTest@3f6f6701]" started-at="2023-07-07T19:12:47 IST" name="getResult" finished-at="2023-07-07T19:12:47 IST" duration-ms="0" status="PASS">
          <params>
            <param index="0">
              <value>
                <![CDATA[[TestResult name=passAssert status=SUCCESS method=ReportListnerTest.passAssert()[pri:0, instance:testCase.ReportListnerTest@3f6f6701] output={null}]]]>
              </value>
            </param>
          </params>
          <reporter-output>
          </reporter-output>
        </test-method> <!-- getResult -->
        <test-method is-config="true" signature="endReport()[pri:0, instance:testCase.ReportListnerTest@3f6f6701]" started-at="2023-07-07T19:12:47 IST" name="endReport" finished-at="2023-07-07T19:12:47 IST" duration-ms="181" status="PASS">
          <reporter-output>
          </reporter-output>
        </test-method> <!-- endReport -->
      </class> <!-- testCase.ReportListnerTest -->
    </test> <!-- Default test -->
  </suite> <!-- Default suite -->
</testng-results>
